=== Journal des corrections - dim. 27 avril 2025 09:10:14 CEST ===
✅ Correction automatique appliquée pour : /home/paulceline/Documents/assistant
✅ Correction automatique appliquée pour : ve/assitant_entreiten_chaudiere/src/modules/vmc/index.html
✅ Correction automatique appliquée pour : /home/paulceline/Documents/assistant
✅ Correction automatique appliquée pour : ve/assitant_entreiten_chaudiere/src/index.html
✅ Correction automatique appliquée pour : /home/paulceline/Documents/assistant
✅ Correction automatique appliquée pour : ve/assitant_entreiten_chaudiere/modules/module-vase-expansion.html
✅ Correction automatique appliquée pour : /home/paulceline/Documents/assistant
✅ Correction automatique appliquée pour : ve/assitant_entreiten_chaudiere/modules/module-puissance-chauffage.html
✅ Correction automatique appliquée pour : /home/paulceline/Documents/assistant
✅ Correction automatique appliquée pour : ve/assitant_entreiten_chaudiere/modules/module-export-pdf.html
✅ Correction automatique appliquée pour : /home/paulceline/Documents/assistant
✅ Correction automatique appliquée pour : ve/assitant_entreiten_chaudiere/modules/module-preferences.html
✅ Correction automatique appliquée pour : /home/paulceline/Documents/assistant
✅ Correction automatique appliquée pour : ve/assitant_entreiten_chaudiere/index.html
✅ Correction automatique appliquée pour : /home/paulceline/Documents/assistant
✅ Correction automatique appliquée pour : ve/assitant_entreiten_chaudiere/auth.html
✅ Correction automatique appliquée pour : /home/paulceline/Documents/assistant
✅ Correction automatique appliquée pour : ve/assitant_entreiten_chaudiere/public/index.html
✅ Correction automatique appliquée pour : /home/paulceline/Documents/assistant
✅ Correction automatique appliquée pour : ve/assitant_entreiten_chaudiere/.next/server/pages/500.html
✅ Correction automatique appliquée pour : /home/paulceline/Documents/assistant
✅ Correction automatique appliquée pour : ve/assitant_entreiten_chaudiere/.next/server/pages/index.html
✅ Correction automatique appliquée pour : /home/paulceline/Documents/assistant
✅ Correction automatique appliquée pour : ve/assitant_entreiten_chaudiere/.next/server/pages/auth.html
✅ Correction automatique appliquée pour : /home/paulceline/Documents/assistant
✅ Correction automatique appliquée pour : ve/assitant_entreiten_chaudiere/.next/server/pages/404.html
